app/seeds.txt
com.leen.kotlin_demo.R$id: int action_text
com.leen.kotlin_demo.R$id: int SYM
com.leen.kotlin_demo.R$id: int center_horizontal
com.leen.kotlin_demo.R$id: int action_bar
com.leen.kotlin_demo.R$id: int submenuarrow
com.leen.kotlin_demo.R$id: int action_image
com.leen.kotlin_demo.R$id: int tag_unhandled_key_event_manager
com.leen.kotlin_demo.frgment.MineFgt: MineFgt()
com.leen.kotlin_demo.R$id: int up
com.leen.kotlin_demo.R$id: int useLogo
com.leen.kotlin_demo.R$id: int checkbox
com.leen.kotlin_demo.R$id: int percent
com.leen.kotlin_demo.R$id: int content
com.leen.kotlin_demo.R$id: int search_badge
com.leen.kotlin_demo.R$id: int ALT
com.leen.kotlin_demo.R$id: int gone
com.leen.kotlin_demo.application.WeApplication
com.leen.kotlin_demo.R$id: int textSpacerNoButtons
com.leen.kotlin_demo.R$id: int wrap_content
com.leen.kotlin_demo.R$id: int contentPanel
com.leen.kotlin_demo.R$id: int progress_circular
com.leen.kotlin_demo.R$id: int fragment
com.leen.kotlin_demo.R$id: int tag_unhandled_key_listeners
com.leen.kotlin_demo.R$id: int info
com.leen.kotlin_demo.R$id: int blocking
com.leen.kotlin_demo.R$id: int action_bar_activity_content
com.leen.kotlin_demo.R$id: int scrollView
com.leen.kotlin_demo.R$id: int always
com.leen.kotlin_demo.R$id: int action_bar_root
com.leen.kotlin_demo.R$id: int line3
com.leen.kotlin_demo.R$id: int listMode
com.leen.kotlin_demo.R$id: int text
com.leen.kotlin_demo.R$id: int tv_find
com.leen.kotlin_demo.R$id: int progress_horizontal
com.leen.kotlin_demo.R$id: int search_edit_frame
com.leen.kotlin_demo.R$id: int tv_main
com.leen.kotlin_demo.R$id: int search_plate
com.leen.kotlin_demo.frgment.FindFgt: FindFgt()
com.leen.kotlin_demo.R$id: int center
com.leen.kotlin_demo.R$id: int spacer
com.leen.kotlin_demo.R$id: int list_item
com.leen.kotlin_demo.R$id: int textSpacerNoTitle
com.leen.kotlin_demo.R$id: int action_mode_bar_stub
com.leen.kotlin_demo.R$id: int default_activity_button
com.leen.kotlin_demo.R$id: int titleDividerNoCustom
com.leen.kotlin_demo.R$id: int middle
com.leen.kotlin_demo.R$id: int beginning
com.leen.kotlin_demo.R$id: int icon
com.leen.kotlin_demo.R$id: int META
com.leen.kotlin_demo.R$id: int home
com.leen.kotlin_demo.FragmentAty: FragmentAty()
com.leen.kotlin_demo.R$id: int direct
com.leen.kotlin_demo.R$id: int action_bar_subtitle
com.leen.kotlin_demo.R$id: int async
com.leen.kotlin_demo.R$id: int fill_horizontal
com.leen.kotlin_demo.R$id: int group_divider
com.leen.kotlin_demo.R$id: int add
com.leen.kotlin_demo.frgment.HomeFgt: HomeFgt()
com.leen.kotlin_demo.R$id: int hierarchy
com.leen.kotlin_demo.frgment.HomeFgt
com.leen.kotlin_demo.R$id: int immersion_navigation_bar_view
com.leen.kotlin_demo.R$id: int actions
com.leen.kotlin_demo.R$id: int search_go_btn
com.leen.kotlin_demo.frgment.MineFgt
com.leen.kotlin_demo.R$id: int submit_area
com.leen.kotlin_demo.R$id: int tag_transition_group
com.leen.kotlin_demo.R$id: int src_in
com.leen.kotlin_demo.R$id: int homeAsUp
com.leen.kotlin_demo.R$id: int parentPanel
com.leen.kotlin_demo.R$id: int never
com.leen.kotlin_demo.R$id: int ifRoom
com.leen.kotlin_demo.R$id: int notification_background
com.leen.kotlin_demo.R$id: int expanded_menu
com.leen.kotlin_demo.R$id: int activity_chooser_view_content
com.leen.kotlin_demo.R$id: int parent
com.leen.kotlin_demo.R$id: int none
com.leen.kotlin_demo.R$id: int image
com.leen.kotlin_demo.R$id: int right_side
com.leen.kotlin_demo.R$id: int lin_bottom
com.leen.kotlin_demo.R$id: int forever
com.leen.kotlin_demo.FragmentAty
com.leen.kotlin_demo.R$id: int barrier
com.leen.kotlin_demo.R$id: int normal
com.leen.kotlin_demo.R$id: int notification_main_column
com.leen.kotlin_demo.R$id: int right_icon
com.leen.kotlin_demo.R$id: int action_mode_bar
com.leen.kotlin_demo.R$id: int chronometer
com.leen.kotlin_demo.R$id: int showTitle
com.leen.kotlin_demo.R$id: int uniform
com.leen.kotlin_demo.R$id: int search_src_text
com.leen.kotlin_demo.R$id: int action_bar_container
com.leen.kotlin_demo.R$id: int action_menu_presenter
...
com.gyf.immersionbar.BarProperties: int getNavigationBarHeight()
android.support.v7.appcompat.R$style: int TextAppearance_AppCompat_Inverse
android.support.v7.widget.SearchView: void setIconifiedByDefault(boolean)
android.support.v4.app.FragmentManager: void dump(java.lang.String,java.io.FileDescriptor,java.io.PrintWriter,java.lang.String[])
android.support.v4.app.Fragment: boolean isAdded()
com.gyf.immersionbar.NotchUtils: android.view.DisplayCutout getDisplayCutout(android.app.Activity)
android.support.constraint.R$styleable: int ConstraintSet_android_translationY
android.support.v4.app.Fragment: boolean getAllowEnterTransitionOverlap()
android.support.v4.content.AsyncTaskLoader
android.support.compat.R$attr: int alpha
android.support.v7.widget.Toolbar: android.content.Context getPopupContext()
android.support.v7.widget.AppCompatSpinner: void setDropDownHorizontalOffset(int)
android.support.v7.widget.ActionBarContainer
android.support.v7.appcompat.R$styleable: int AppCompatTheme_alertDialogStyle
android.support.v7.appcompat.R$styleable: int FontFamilyFont_ttcIndex
android.support.v7.appcompat.R$style: int Base_Widget_AppCompat_SeekBar
android.support.v7.appcompat.R$id: int action_bar_subtitle
android.support.v7.appcompat.R$style: int Widget_AppCompat_RatingBar
android.support.constraint.R$styleable: int ConstraintSet_android_layout_marginLeft
com.gyf.immersionbar.ImmersionBar: com.gyf.immersionbar.ImmersionBar flymeOSStatusBarFontColorInt(int)
android.support.v4.view.ViewPager: void setOffscreenPageLimit(int)
android.support.v7.widget.AppCompatCheckBox: android.content.res.ColorStateList getSupportButtonTintList()
com.gyf.immersionbar.BarConfig: boolean isNavigationAtBottom()
android.support.constraint.R$styleable: int ConstraintSet_layout_constraintBaseline_toBaselineOf
android.support.v4.view.PagerTabStrip: void setBackgroundDrawable(android.graphics.drawable.Drawable)
android.support.design.widget.CoordinatorLayout$SavedState
android.support.coordinatorlayout.R$styleable: int FontFamily_fontProviderPackage
android.support.v4.graphics.TypefaceCompatApi26Impl
android.support.v4.app.FragmentManagerImpl: int transitToStyleIndex(int,boolean)
android.support.v7.widget.AppCompatImageView
android.support.v4.app.FragmentManagerImpl: java.util.ArrayList mPendingActions
android.support.v7.appcompat.R$style: int TextAppearance_AppCompat_Widget_PopupMenu_Header
android.support.v7.appcompat.R$styleable: int Toolbar_collapseContentDescription
android.support.v7.appcompat.R$style: int Base_TextAppearance_AppCompat_Widget_ActionBar_Title
android.support.v4.app.FragmentManagerImpl: void executeOps(java.util.ArrayList,java.util.ArrayList,int,int)
android.support.v7.appcompat.R$styleable: int SearchView_android_imeOptions
android.support.v7.widget.ViewStubCompat: void setInflatedId(int)
android.support.v7.appcompat.R$style: int Widget_AppCompat_Button_ButtonBar_AlertDialog
android.support.v7.widget.AppCompatEditText: android.text.Editable getText()
android.support.v4.app.Fragment: android.support.v4.app.Fragment getParentFragment()
android.support.v7.appcompat.R$color: int material_deep_teal_500
android.support.constraint.R$id: int top
android.support.v7.appcompat.R$styleable: int AppCompatTheme_ratingBarStyleSmall
android.support.v4.app.FragmentManagerImpl: void dispatchOnFragmentViewDestroyed(android.support.v4.app.Fragment,boolean)
android.support.v7.appcompat.R$styleable: int ActionBar_title
android.support.v7.appcompat.R$drawable: int abc_ic_arrow_drop_right_black_24dp
android.support.v7.widget.ActionBarOverlayLayout
android.support.v7.appcompat.R$styleable: int AppCompatTheme_actionModeCutDrawable
android.support.v7.appcompat.R$attr: int multiChoiceItemLayout
android.support.v7.widget.ScrollingTabContainerView: void setAllowCollapse(boolean)
android.support.v7.appcompat.R$style: int Base_Theme_AppCompat_Light_Dialog
android.support.v7.appcompat.R$style: int AlertDialog_AppCompat
android.support.v7.widget.ShareActionProvider