app/mapping.txt
# compiler: R8
# compiler_version: 1.4.77
# min_api: 22
com.leen.kotlin_demo.FragmentAty -> com.leen.kotlin_demo.FragmentAty:
    com.leen.kotlin_demo.FragmentAty$Companion Companion -> s
    java.util.HashMap _$_findViewCache -> x
    int SECOND -> v
    me.yokeyword.fragmentation.SupportFragment[] mFragments -> t
    int THIRD -> w
    int FIRST -> u
    me.yokeyword.fragmentation.SupportFragment[] access$getMFragments$p(com.leen.kotlin_demo.FragmentAty) -> a
    android.view.View _$_findCachedViewById(int) -> d
    int getFIRST() -> p
    int getSECOND() -> q
    int getTHIRD() -> r
com.leen.kotlin_demo.FragmentAty$Companion -> com.leen.kotlin_demo.FragmentAty$a:
    void startActivity(android.app.Activity) -> a
com.leen.kotlin_demo.FragmentAty$onCreate$1 -> c.b.a.a:
    com.leen.kotlin_demo.FragmentAty this$0 -> a
com.leen.kotlin_demo.FragmentAty$onCreate$2 -> c.b.a.b:
    com.leen.kotlin_demo.FragmentAty this$0 -> a
com.leen.kotlin_demo.FragmentAty$onCreate$3 -> c.b.a.c:
    com.leen.kotlin_demo.FragmentAty this$0 -> a
com.leen.kotlin_demo.MainActivity -> com.leen.kotlin_demo.MainActivity:
    java.util.HashMap _$_findViewCache -> s
    android.view.View _$_findCachedViewById(int) -> d
com.leen.kotlin_demo.MainActivity$onCreate$1 -> c.b.a.d:
    com.leen.kotlin_demo.MainActivity this$0 -> a
com.leen.kotlin_demo.R$id -> c.b.a.e:
com.leen.kotlin_demo.frgment.FindFgt -> com.leen.kotlin_demo.frgment.FindFgt:
    com.leen.kotlin_demo.frgment.FindFgt$Companion Companion -> d
    java.util.HashMap _$_findViewCache -> e
    void onLazyInitView(android.os.Bundle) -> b
    void _$_clearFindViewByIdCache() -> m
com.leen.kotlin_demo.frgment.FindFgt$Companion -> com.leen.kotlin_demo.frgment.FindFgt$a:
    me.yokeyword.fragmentation.SupportFragment newInstance() -> a
com.leen.kotlin_demo.frgment.HomeFgt -> com.leen.kotlin_demo.frgment.HomeFgt:
    com.leen.kotlin_demo.frgment.HomeFgt$Companion Companion -> d
    java.util.HashMap _$_findViewCache -> e
    void onLazyInitView(android.os.Bundle) -> b
    void _$_clearFindViewByIdCache() -> m
com.leen.kotlin_demo.frgment.HomeFgt$Companion -> com.leen.kotlin_demo.frgment.HomeFgt$a:
    com.leen.kotlin_demo.frgment.HomeFgt newInstance() -> a
com.leen.kotlin_demo.frgment.MineFgt -> com.leen.kotlin_demo.frgment.MineFgt:
    com.leen.kotlin_demo.frgment.MineFgt$Companion Companion -> d
    java.util.HashMap _$_findViewCache -> e
    void onLazyInitView(android.os.Bundle) -> b
    void _$_clearFindViewByIdCache() -> m
com.leen.kotlin_demo.frgment.MineFgt$Companion -> com.leen.kotlin_demo.frgment.MineFgt$a:
    me.yokeyword.fragmentation.SupportFragment newInstance() -> a
...
android.support.v4.app.NotificationCompat$WearableExtender -> android.support.v4.app.NotificationCompat$WearableExtender:
    int mHintScreenTimeout -> l
    int mCustomContentHeight -> j
    int mGravity -> k
    int mContentActionIndex -> h
    java.lang.String mDismissalId -> m
    int mCustomSizePreset -> i
    android.app.PendingIntent mDisplayIntent -> c
    int mContentIcon -> f
    int mContentIconGravity -> g
    java.lang.String mBridgeTag -> n
    java.util.ArrayList mPages -> d
    android.graphics.Bitmap mBackground -> e
    int mFlags -> b
    java.util.ArrayList mActions -> a
android.support.v4.app.NotificationCompatSideChannelService -> android.support.v4.app.NotificationCompatSideChannelService:
    void cancel(java.lang.String,int,java.lang.String) -> a
    void cancelAll(java.lang.String) -> a
    void checkPermission(int,java.lang.String) -> a
    void notify(java.lang.String,int,java.lang.String,android.app.Notification) -> a
android.support.v4.app.NotificationCompatSideChannelService$NotificationSideChannelStub -> android.support.v4.app.NotificationCompatSideChannelService$a:
    android.support.v4.app.NotificationCompatSideChannelService this$0 -> a
    void cancel(java.lang.String,int,java.lang.String) -> a
    void cancelAll(java.lang.String) -> a
    void notify(java.lang.String,int,java.lang.String,android.app.Notification) -> a
android.support.v4.app.OneShotPreDrawListener -> a.b.f.a.X:
    java.lang.Runnable mRunnable -> c
    android.view.View mView -> a
    android.view.ViewTreeObserver mViewTreeObserver -> b
    android.support.v4.app.OneShotPreDrawListener add(android.view.View,java.lang.Runnable) -> a
    void removeListener() -> a
android.support.v4.app.SharedElementCallback -> a.b.f.a.Y:
    void onMapSharedElements(java.util.List,java.util.Map) -> a
    void onSharedElementEnd(java.util.List,java.util.List,java.util.List) -> a
    void onSharedElementStart(java.util.List,java.util.List,java.util.List) -> b
android.support.v4.app.SupportActivity -> android.support.v4.app.SupportActivity:
    android.support.v4.util.SimpleArrayMap mExtraDataMap -> a
    android.arch.lifecycle.LifecycleRegistry mLifecycleRegistry -> b
    boolean superDispatchKeyEvent(android.view.KeyEvent) -> a
android.support.v4.app.TaskStackBuilder -> a.b.f.a.Z:
    android.content.Context mSourceContext -> b
    java.util.ArrayList mIntents -> a
    android.support.v4.app.TaskStackBuilder addNextIntent(android.content.Intent) -> a
    android.support.v4.app.TaskStackBuilder addParentStack(android.app.Activity) -> a
    android.support.v4.app.TaskStackBuilder addParentStack(android.content.ComponentName) -> a
    android.support.v4.app.TaskStackBuilder create(android.content.Context) -> a
    void startActivities() -> a
    void startActivities(android.os.Bundle) -> a
android.support.v4.app.TaskStackBuilder$SupportParentable -> a.b.f.a.Z$a:
    android.content.Intent getSupportParentActivityIntent() -> e
android.support.v4.content.AsyncTaskLoader -> android.support.v4.content.AsyncTaskLoader:
    android.os.Handler mHandler -> o
    long mLastLoadCompleteTime -> n
    long mUpdateThrottle -> m
    android.support.v4.content.AsyncTaskLoader$LoadTask mCancellingTask -> l
    java.util.concurrent.Executor mExecutor -> j
    android.support.v4.content.AsyncTaskLoader$LoadTask mTask -> k
    void dispatchOnCancelled(android.support.v4.content.AsyncTaskLoader$LoadTask,java.lang.Object) -> a
    void dump(java.lang.String,java.io.FileDescriptor,java.io.PrintWriter,java.lang.String[]) -> a
    void dispatchOnLoadComplete(android.support.v4.content.AsyncTaskLoader$LoadTask,java.lang.Object) -> b
    void onCanceled(java.lang.Object) -> c
    boolean onCancelLoad() -> k
    void onForceLoad() -> m
    void cancelLoadInBackground() -> v
    void executePendingTask() -> w
    boolean isLoadInBackgroundCanceled() -> x
    java.lang.Object loadInBackground() -> y
    java.lang.Object onLoadInBackground() -> z