app/unused.txt
com.leen.kotlin_demo.R$layout
com.leen.kotlin_demo.R$color
com.leen.kotlin_demo.R$attr
com.leen.kotlin_demo.R$anim
com.leen.kotlin_demo.frgment.HomeFgt
    public android.view.View _$_findCachedViewById(int)
com.leen.kotlin_demo.frgment.FindFgt
    public android.view.View _$_findCachedViewById(int)
com.leen.kotlin_demo.R$drawable
com.leen.kotlin_demo.R$string
com.leen.kotlin_demo.frgment.MineFgt
    public android.view.View _$_findCachedViewById(int)
com.leen.kotlin_demo.R$dimen
com.leen.kotlin_demo.MainActivity
    public void _$_clearFindViewByIdCache()
com.leen.kotlin_demo.R$bool
com.leen.kotlin_demo.FragmentAty
    public void _$_clearFindViewByIdCache()
com.leen.kotlin_demo.R$style
com.leen.kotlin_demo.R$styleable
com.leen.kotlin_demo.R$id
    public void <init>()
com.leen.kotlin_demo.R$mipmap
com.leen.kotlin_demo.BuildConfig
com.leen.kotlin_demo.R$integer
com.leen.kotlin_demo.R
...
android.support.annotation.Px
kotlin.collections.unsigned.UArraysKt___UArraysJvmKt$asList$4
kotlin.text.CharsKt
kotlin.comparisons.ComparisonsKt__ComparisonsKt$thenDescending$1
kotlin.collections.ByteIterator
android.support.v4.app.NotificationCompat$Builder
kotlin.coroutines.experimental.SequenceBuilder
kotlin.ranges.ClosedFloatRange
kotlin.io.TextStreamsKt
android.support.v7.graphics.drawable.DrawableContainer
    public void setEnterFadeDuration(int)
    public void setExitFadeDuration(int)
    public boolean isStateful()
    void setCurrentIndex(int)
    void clearMutated()
    private static final boolean DEBUG
    private static final java.lang.String TAG
    private static final boolean DEFAULT_DITHER
kotlin.text.StringsKt__IndentKt
android.support.graphics.drawable.Animatable2Compat$AnimationCallback
android.support.v4.os.LocaleListCompat
android.support.v4.widget.ResourceCursorAdapter
    public void <init>(android.content.Context,int,android.database.Cursor)
    public void <init>(android.content.Context,int,android.database.Cursor,int)
    public void setViewResource(int)
    public void setDropDownViewResource(int)
android.support.v4.app.FrameMetricsAggregator$MetricType
android.support.v7.widget.ActionMenuView
    private static final java.lang.String TAG
    static final int MIN_CELL_SIZE
    static final int GENERATED_ITEM_PADDING
kotlin.jvm.internal.ArrayIntIterator
android.support.v4.content.Loader$ForceLoadContentObserver
    public void <init>(android.support.v4.content.Loader)
    public boolean deliverSelfNotifications()
    public void onChange(boolean)
    final synthetic android.support.v4.content.Loader this$0
kotlin.coroutines.CombinedContext$Serialized
android.support.v7.view.menu.CascadingMenuPopup
    public android.os.Parcelable onSaveInstanceState()
    public void onRestoreInstanceState(android.os.Parcelable)
    static final int HORIZ_POSITION_LEFT
    static final int HORIZ_POSITION_RIGHT
    static final int SUBMENU_TIMEOUT_MS
kotlin.jvm.JvmMultifileClass
org.intellij.lang.annotations.Flow
kotlin.internal.ProgressionUtilKt
kotlin.UShortArray$Iterator
android.support.v7.widget.AppCompatEditText
    public void <init>(android.content.Context)
kotlin.io.FilesKt__UtilsKt$copyRecursively$2
android.support.v7.widget.Toolbar$ExpandedActionViewMenuPresenter
    public android.support.v7.view.menu.MenuView getMenuView(android.view.ViewGroup)
    public void setCallback(android.support.v7.view.menu.MenuPresenter$Callback)
    public int getId()
    public android.os.Parcelable onSaveInstanceState()
    public void onRestoreInstanceState(android.os.Parcelable)
android.support.customview.R$id
kotlin.sequences.DistinctIterator
kotlin.jvm.internal.markers.KMutableMap
kotlin.ranges.IntProgressionIterator
android.support.v4.app.ShareCompat
android.support.swiperefreshlayout.R
android.support.constraint.solver.Pools$SimplePool
    private boolean isInPool(java.lang.Object)
android.support.drawerlayout.R$integer
kotlin.random.FallbackThreadLocalRandom
com.gyf.immersionbar.components.R
android.support.constraint.solver.widgets.ConstraintHorizontalLayout
    public void <init>(int,int,int,int)
    public void <init>(int,int)
kotlin.io.FileTreeWalk$FileTreeWalkIterator$SingleFileState
kotlin.coroutines.experimental.AbstractCoroutineContextElement
kotlin.UShortArrayKt
android.support.compat.R$style
android.support.v7.app.ActionBarDrawerToggle$FrameworkActionBarDelegate
android.support.v4.os.LocaleHelper
android.support.annotation.NonNull
android.support.v7.app.ActionBarDrawerToggle$ToolbarCompatDelegate